#
# There is insufficient memory for the Java Runtime Environment to continue.
# Native memory allocation (malloc) failed to allocate 1048576 bytes. Error detail: AllocateHeap
# Possible reasons:
#   The system is out of physical RAM or swap space
#   This process is running with CompressedOops enabled, and the Java Heap may be blocking the growth of the native heap
# Possible solutions:
#   Reduce memory load on the system
#   Increase physical memory or swap space
#   Check if swap backing store is full
#   Decrease Java heap size (-Xmx/-Xms)
#   Decrease number of Java threads
#   Decrease Java thread stack sizes (-Xss)
#   Set larger code cache with -XX:ReservedCodeCacheSize=
#   JVM is running with Unscaled Compressed Oops mode in which the Java heap is
#     placed in the first 4GB address space. The Java Heap base address is the
#     maximum limit for the native heap growth. Please use -XX:HeapBaseMinAddress
#     to set the Java Heap base and to place the Java Heap above 4GB virtual address.
# This output file may be truncated or incomplete.
#
#  Out of Memory Error (allocation.cpp:44), pid=21396, tid=9064
#
# JRE version:  (21.0.6+8) (build )
# Java VM: OpenJDK 64-Bit Server VM (21.0.6+8-b631.39, mixed mode, sharing, tiered, compressed oops, compressed class ptrs, g1 gc, windows-amd64)
# No core dump will be written. Minidumps are not enabled by default on client versions of Windows
#

---------------  S U M M A R Y ------------

Command Line: git4idea.http.GitAskPassApp Username for 'https://github.com': 

Host: AMD Ryzen 5 5500U with Radeon Graphics         , 12 cores, 7G,  Windows 11 , 64 bit Build 26100 (10.0.26100.3575)
Time: Sat Apr 19 11:58:59 2025 India Standard Time elapsed time: 0.044159 seconds (0d 0h 0m 0s)

---------------  T H R E A D  ---------------

Current thread (0x000001c55f67f870):  JavaThread "Unknown thread" [_thread_in_vm, id=9064, stack(0x0000004777000000,0x0000004777100000) (1024K)]

Stack: [0x0000004777000000,0x0000004777100000]
Native frames: (J=compiled Java code, j=interpreted, Vv=VM code, C=native code)
V  [jvm.dll+0x6e5d39]
V  [jvm.dll+0x8c4133]
V  [jvm.dll+0x8c668e]
V  [jvm.dll+0x8c6d73]
V  [jvm.dll+0x288f76]
V  [jvm.dll+0xc0e57]
V  [jvm.dll+0x333ac5]
V  [jvm.dll+0x88b54d]
V  [jvm.dll+0x3ca688]
V  [jvm.dll+0x874698]
V  [jvm.dll+0x45f04e]
V  [jvm.dll+0x460d31]
C  [jli.dll+0x52ab]
C  [ucrtbase.dll+0x37b0]
C  [KERNEL32.DLL+0x2e8d7]
C  [ntdll.dll+0xb14fc]


---------------  P R O C E S S  ---------------

Threads class SMR info:
_java_thread_list=0x00007ffe72cba148, length=0, elements={
}

Java Threads: ( => current thread )
Total: 0

Other Threads:

=>0x000001c55f67f870 (exited) JavaThread "Unknown thread"    [_thread_in_vm, id=9064, stack(0x0000004777000000,0x0000004777100000) (1024K)]
Total: 1

Threads with active compile tasks:
Total: 0

VM state: not at safepoint (not fully initialized)

VM Mutex/Monitor currently owned by a thread: None

Heap address: 0x0000000000000000, size: 0 MB, Compressed Oops mode: 32-bit

CDS archive(s) mapped at: [0x0000000000000000-0x0000000000000000-0x0000000000000000), size 0, SharedBaseAddress: 0x0000000800000000, ArchiveRelocationMode: 1.
Narrow klass base: 0x0000000000000000, Narrow klass shift: 0, Narrow klass range: 0x0

GC Precious Log:
 CardTable entry size: 512
 Card Set container configuration: InlinePtr #cards 5 size 8 Array Of Cards #cards 12 size 40 Howl #buckets 4 coarsen threshold 1843 Howl Bitmap #cards 512 size 80 coarsen threshold 460 Card regions per heap region 1 cards per card region 2048

GC Heap History (0 events):
No events

Dll operation events (1 events):
Event: 0.031 Loaded shared library C:\Program Files\JetBrains\PyCharm Community Edition 2024.3.5\jbr\bin\java.dll

Deoptimization events (0 events):
No events

Classes loaded (0 events):
No events

Classes unloaded (0 events):
No events

Classes redefined (0 events):
No events

Internal exceptions (0 events):
No events

ZGC Phase Switch (0 events):
No events

VM Operations (0 events):
No events

Memory protections (0 events):
No events

Nmethod flushes (0 events):
No events

Events (0 events):
No events


Dynamic libraries:
0x00007ff770e00000 - 0x00007ff770e0a000 	C:\Program Files\JetBrains\PyCharm Community Edition 2024.3.5\jbr\bin\java.exe
0x00007ffec2620000 - 0x00007ffec2880000 	C:\WINDOWS\SYSTEM32\ntdll.dll
0x00007ffec0e60000 - 0x00007ffec0f27000 	C:\WINDOWS\System32\KERNEL32.DLL
0x00007ffebf800000 - 0x00007ffebfbca000 	C:\WINDOWS\System32\KERNELBASE.dll
0x00007ffec02d0000 - 0x00007ffec041b000 	C:\WINDOWS\System32\ucrtbase.dll
0x00007ffebaa00000 - 0x00007ffebaa1b000 	C:\Program Files\JetBrains\PyCharm Community Edition 2024.3.5\jbr\bin\VCRUNTIME140.dll
0x00007ffe9da70000 - 0x00007ffe9da88000 	C:\Program Files\JetBrains\PyCharm Community Edition 2024.3.5\jbr\bin\jli.dll
0x00007ffec2270000 - 0x00007ffec243c000 	C:\WINDOWS\System32\USER32.dll
0x00007ffec02a0000 - 0x00007ffec02c7000 	C:\WINDOWS\System32\win32u.dll
0x00007ffea45b0000 - 0x00007ffea4849000 	C:\WINDOWS\WinSxS\amd64_microsoft.windows.common-controls_6595b64144ccf1df_6.0.26100.3575_none_3e0d5430e32ff727\COMCTL32.dll
0x00007ffec1da0000 - 0x00007ffec1dca000 	C:\WINDOWS\System32\GDI32.dll
0x00007ffec0f30000 - 0x00007ffec0fd9000 	C:\WINDOWS\System32\msvcrt.dll
0x00007ffec0000000 - 0x00007ffec0131000 	C:\WINDOWS\System32\gdi32full.dll
0x00007ffebfbd0000 - 0x00007ffebfc73000 	C:\WINDOWS\System32\msvcp_win.dll
0x00007ffec0960000 - 0x00007ffec098f000 	C:\WINDOWS\System32\IMM32.DLL
0x00007ffebac00000 - 0x00007ffebac0c000 	C:\Program Files\JetBrains\PyCharm Community Edition 2024.3.5\jbr\bin\vcruntime140_1.dll
0x00007ffe8bea0000 - 0x00007ffe8bf2d000 	C:\Program Files\JetBrains\PyCharm Community Edition 2024.3.5\jbr\bin\msvcp140.dll
0x00007ffe72060000 - 0x00007ffe72e21000 	C:\Program Files\JetBrains\PyCharm Community Edition 2024.3.5\jbr\bin\server\jvm.dll
0x00007ffec2440000 - 0x00007ffec24f2000 	C:\WINDOWS\System32\ADVAPI32.dll
0x00007ffec0da0000 - 0x00007ffec0e46000 	C:\WINDOWS\System32\sechost.dll
0x00007ffec0a20000 - 0x00007ffec0b36000 	C:\WINDOWS\System32\RPCRT4.dll
0x00007ffec1040000 - 0x00007ffec10b4000 	C:\WINDOWS\System32\WS2_32.dll
0x00007ffebf680000 - 0x00007ffebf6de000 	C:\WINDOWS\SYSTEM32\POWRPROF.dll
0x00007ffeb7560000 - 0x00007ffeb7596000 	C:\WINDOWS\SYSTEM32\WINMM.dll
0x00007ffeb7b80000 - 0x00007ffeb7b8b000 	C:\WINDOWS\SYSTEM32\VERSION.dll
0x00007ffebf660000 - 0x00007ffebf674000 	C:\WINDOWS\SYSTEM32\UMPDC.dll
0x00007ffebe610000 - 0x00007ffebe62a000 	C:\WINDOWS\SYSTEM32\kernel.appcore.dll
0x00007ffeba9f0000 - 0x00007ffeba9fa000 	C:\Program Files\JetBrains\PyCharm Community Edition 2024.3.5\jbr\bin\jimage.dll
0x00007ffeb30a0000 - 0x00007ffeb32e1000 	C:\WINDOWS\SYSTEM32\DBGHELP.DLL
0x00007ffec1ed0000 - 0x00007ffec2253000 	C:\WINDOWS\System32\combase.dll
0x00007ffec2500000 - 0x00007ffec25d6000 	C:\WINDOWS\System32\OLEAUT32.dll
0x00007ffea2c70000 - 0x00007ffea2ca9000 	C:\WINDOWS\SYSTEM32\dbgcore.DLL
0x00007ffec0200000 - 0x00007ffec0299000 	C:\WINDOWS\System32\bcryptPrimitives.dll
0x00007ffeba9d0000 - 0x00007ffeba9f0000 	C:\Program Files\JetBrains\PyCharm Community Edition 2024.3.5\jbr\bin\java.dll

dbghelp: loaded successfully - version: 4.0.5 - missing functions: none
symbol engine: initialized successfully - sym options: 0x614 - pdb path: .;C:\Program Files\JetBrains\PyCharm Community Edition 2024.3.5\jbr\bin;C:\WINDOWS\SYSTEM32;C:\WINDOWS\WinSxS\amd64_microsoft.windows.common-controls_6595b64144ccf1df_6.0.26100.3575_none_3e0d5430e32ff727;C:\Program Files\JetBrains\PyCharm Community Edition 2024.3.5\jbr\bin\server

VM Arguments:
java_command: git4idea.http.GitAskPassApp Username for 'https://github.com': 
java_class_path (initial): C:/Program Files/JetBrains/PyCharm Community Edition 2024.3.5/plugins/vcs-git/lib/git4idea-rt.jar;C:/Program Files/JetBrains/PyCharm Community Edition 2024.3.5/lib/externalProcess-rt.jar
Launcher Type: SUN_STANDARD

[Global flags]
     intx CICompilerCount                          = 4                                         {product} {ergonomic}
     uint ConcGCThreads                            = 3                                         {product} {ergonomic}
     uint G1ConcRefinementThreads                  = 10                                        {product} {ergonomic}
   size_t G1HeapRegionSize                         = 1048576                                   {product} {ergonomic}
    uintx GCDrainStackTargetSize                   = 64                                        {product} {ergonomic}
   size_t InitialHeapSize                          = 123731968                                 {product} {ergonomic}
   size_t MarkStackSize                            = 4194304                                   {product} {ergonomic}
   size_t MaxHeapSize                              = 1967128576                                {product} {ergonomic}
   size_t MinHeapDeltaBytes                        = 1048576                                   {product} {ergonomic}
   size_t MinHeapSize                              = 8388608                                   {product} {ergonomic}
    uintx NonNMethodCodeHeapSize                   = 5839372                                {pd product} {ergonomic}
    uintx NonProfiledCodeHeapSize                  = 122909434                              {pd product} {ergonomic}
    uintx ProfiledCodeHeapSize                     = 122909434                              {pd product} {ergonomic}
    uintx ReservedCodeCacheSize                    = 251658240                              {pd product} {ergonomic}
     bool SegmentedCodeCache                       = true                                      {product} {ergonomic}
   size_t SoftMaxHeapSize                          = 1967128576                             {manageable} {ergonomic}
     bool UseCompressedOops                        = true                           {product lp64_product} {ergonomic}
     bool UseG1GC                                  = true                                      {product} {ergonomic}
     bool UseLargePagesIndividualAllocation        = false                                  {pd product} {ergonomic}

Logging:
Log output configuration:
 #0: stdout all=warning uptime,level,tags foldmultilines=false
 #1: stderr all=off uptime,level,tags foldmultilines=false

Environment Variables:
PATH=C:\Program Files\Git\mingw64\libexec\git-core;C:\Program Files\Git\mingw64\libexec\git-core;C:\Program Files\Git\mingw64\bin;C:\Program Files\Git\usr\bin;C:\Users\alamu\bin;C:\Python313\Scripts;C:\Python313;C:\Program Files\OpenLogic\jdk-22.0.2.9-hotspot\bin;C:\Program Files\Common Files\Oracle\Java\javapath;C:\WINDOWS\system32;C:\WINDOWS;C:\WINDOWS\System32\Wbem;C:\WINDOWS\System32\WindowsPowerShell\v1.0;C:\WINDOWS\System32\OpenSSH;C:\Program Files\Git\cmd;C:\ProgramData\chocolatey\bin;C:\Program Files\nodejs;C:\Users\alamu\AppData\Local\Programs\Python\Python312\Scripts;C:\Users\alamu\AppData\Local\Programs\Python\Python312;C:\Users\alamu\AppData\Local\Microsoft\WindowsApps;C:\Users\alamu\AppData\Local\Programs\Microsoft VS Code\bin;C:\Program Files\JetBrains\PyCharm Community Edition 2024.3.5\bin;C:\Users\alamu\AppData\Local\GitHubDesktop\bin;C:\Program Files\JetBrains\IntelliJ IDEA Community Edition 2024.3.4.1\bin;C:\Users\alamu\AppData\Local\Programs\cursor\resources\app\bin;E:\Program Files\JetBrains\WebStorm 2024.3.5\bin;C:\Users\alamu\AppData\Roaming\npm
USERNAME=alamu
DISPLAY=:0.0
LC_ALL=en_US.UTF-8
TERM=xterm-256color
TMPDIR=C:\Users\alamu\AppData\Local\Temp
OS=Windows_NT
PROCESSOR_IDENTIFIER=AMD64 Family 23 Model 104 Stepping 1, AuthenticAMD
TMP=C:\Users\alamu\AppData\Local\Temp
TEMP=C:\Users\alamu\AppData\Local\Temp




Periodic native trim disabled

JNI global refs:
JNI global refs: 0, weak refs: 0

JNI global refs memory usage: 0, weak refs: 0

Process memory usage:
Resident Set Size: 12312K (0% of 7681732K total physical memory with 477168K free physical memory)

OOME stack traces (most recent first):
Classloader memory used:

---------------  S Y S T E M  ---------------

OS:
 Windows 11 , 64 bit Build 26100 (10.0.26100.3575)
OS uptime: 0 days 5:15 hours
Hyper-V role detected

CPU: total 12 (initial active 12) (12 cores per cpu, 2 threads per core) family 23 model 104 stepping 1 microcode 0x8608107, cx8, cmov, fxsr, ht, mmx, 3dnowpref, sse, sse2, sse3, ssse3, sse4a, sse4.1, sse4.2, popcnt, lzcnt, tsc, tscinvbit, avx, avx2, aes, clmul, bmi1, bmi2, adx, sha, fma, vzeroupper, clflush, clflushopt, hv, rdtscp, rdpid, f16c
Processor Information for processor 0
  Max Mhz: 2100, Current Mhz: 1893, Mhz Limit: 2100
Processor Information for processor 1
  Max Mhz: 2100, Current Mhz: 1893, Mhz Limit: 2100
Processor Information for processor 2
  Max Mhz: 2100, Current Mhz: 1893, Mhz Limit: 2100
Processor Information for processor 3
  Max Mhz: 2100, Current Mhz: 1893, Mhz Limit: 2100
Processor Information for processor 4
  Max Mhz: 2100, Current Mhz: 1893, Mhz Limit: 2100
Processor Information for processor 5
  Max Mhz: 2100, Current Mhz: 1813, Mhz Limit: 2100
Processor Information for processor 6
  Max Mhz: 2100, Current Mhz: 1813, Mhz Limit: 2100
Processor Information for processor 7
  Max Mhz: 2100, Current Mhz: 1813, Mhz Limit: 2100
Processor Information for processor 8
  Max Mhz: 2100, Current Mhz: 1813, Mhz Limit: 2100
Processor Information for processor 9
  Max Mhz: 2100, Current Mhz: 1813, Mhz Limit: 2100
Processor Information for processor 10
  Max Mhz: 2100, Current Mhz: 1813, Mhz Limit: 2100
Processor Information for processor 11
  Max Mhz: 2100, Current Mhz: 1813, Mhz Limit: 2100

Memory: 4k page, system-wide physical 7501M (465M free)
TotalPageFile size 12068M (AvailPageFile size 5M)
current process WorkingSet (physical memory assigned to process): 12M, peak: 12M
current process commit charge ("private bytes"): 18M, peak: 19M

vm_info: OpenJDK 64-Bit Server VM (21.0.6+8-b631.39) for windows-amd64 JRE (21.0.6+8-b631.39), built on 2025-02-04 by "builduser" with MS VC++ 16.10 / 16.11 (VS2019)

END.
